<?xml version="1.0" encoding="UTF-8"?>
<testsuite xmlns:xsi="http://www.w3.org/2001/XMLSchema-instance" xsi:noNamespaceSchemaLocation="https://maven.apache.org/surefire/maven-surefire-plugin/xsd/surefire-test-report-3.0.xsd" version="3.0" name="com.dhiraj.canteen.CanteenApplicationTests" time="7.616" tests="1" errors="0" skipped="0" failures="0">
  <properties>
[...]
</properties>
  <testcase name="contextLoads" classname="com.dhiraj.canteen.CanteenApplicationTests" time="0.723">
    <system-out><![CDATA[18:45:55.635 [main] INFO org.springframework.test.context.support.AnnotationConfigContextLoaderUtils -- Could not detect default configuration classes for test class [com.dhiraj.canteen.CanteenApplicationTests]: CanteenApplicationTests does not declare any static, non-private, non-final, nested classes annotated with @Configuration.
18:45:55.774 [main] INFO org.springframework.boot.test.context.SpringBootTestContextBootstrapper -- Found @SpringBootConfiguration com.dhiraj.canteen.CanteenApplication for test class com.dhiraj.canteen.CanteenApplicationTests
18:45:55.988 [main] INFO org.springframework.boot.devtools.restart.RestartApplicationListener -- Restart disabled due to context in which it is running

  .   ____          _            __ _ _
 /\\ / ___'_ __ _ _(_)_ __  __ _ \ \ \ \
( ( )\___ | '_ | '_| | '_ \/ _` | \ \ \ \
 \\/  ___)| |_)| | | | | || (_| |  ) ) ) )
  '  |____| .__|_| |_|_| |_\__, | / / / /
 =========|_|==============|___/=/_/_/_/
 :: Spring Boot ::                (v3.2.3)

2025-04-18T18:45:56.294+05:30  INFO 25228 --- [           main] c.d.canteen.CanteenApplicationTests      : Starting CanteenApplicationTests using Java 21.0.2 with PID 25228 (started by Dhiraj Chaudhary in D:\CMS Project\canteen)
2025-04-18T18:45:56.296+05:30  INFO 25228 --- [           main] c.d.canteen.CanteenApplicationTests      : No active profile set, falling back to 1 default profile: "default"
2025-04-18T18:45:57.215+05:30  INFO 25228 --- [           main] .s.d.r.c.RepositoryConfigurationDelegate : Bootstrapping Spring Data JPA repositories in DEFAULT mode.
2025-04-18T18:45:57.282+05:30  INFO 25228 --- [           main] .s.d.r.c.RepositoryConfigurationDelegate : Finished Spring Data repository scanning in 59 ms. Found 4 JPA repository interfaces.
2025-04-18T18:45:58.040+05:30  INFO 25228 --- [           main] o.hibernate.jpa.internal.util.LogHelper  : HHH000204: Processing PersistenceUnitInfo [name: default]
2025-04-18T18:45:58.152+05:30  INFO 25228 --- [           main] org.hibernate.Version                    : HHH000412: Hibernate ORM core version 6.4.4.Final
2025-04-18T18:45:58.222+05:30  INFO 25228 --- [           main] o.h.c.internal.RegionFactoryInitiator    : HHH000026: Second-level cache disabled
2025-04-18T18:45:58.492+05:30  INFO 25228 --- [           main] o.s.o.j.p.SpringPersistenceUnitInfo      : No LoadTimeWeaver setup: ignoring JPA class transformer
2025-04-18T18:45:58.561+05:30  INFO 25228 --- [           main] com.zaxxer.hikari.HikariDataSource       : HikariPool-1 - Starting...
2025-04-18T18:45:59.009+05:30  INFO 25228 --- [           main] com.zaxxer.hikari.pool.HikariPool        : HikariPool-1 - Added connection com.mysql.cj.jdbc.ConnectionImpl@5597ca3
2025-04-18T18:45:59.013+05:30  INFO 25228 --- [           main] com.zaxxer.hikari.HikariDataSource       : HikariPool-1 - Start completed.
2025-04-18T18:46:00.234+05:30  INFO 25228 --- [           main] o.h.e.t.j.p.i.JtaPlatformInitiator       : HHH000489: No JTA platform available (set 'hibernate.transaction.jta.platform' to enable JTA platform integration)
2025-04-18T18:46:00.329+05:30  INFO 25228 --- [           main] j.LocalContainerEntityManagerFactoryBean : Initialized JPA EntityManagerFactory for persistence unit 'default'
2025-04-18T18:46:01.117+05:30  INFO 25228 --- [           main] o.s.s.p.JdbcUserDetailsManager           : No authentication manager set. Reauthentication of users when changing passwords will not be performed.
2025-04-18T18:46:01.163+05:30  WARN 25228 --- [           main] JpaBaseConfiguration$JpaWebConfiguration : spring.jpa.open-in-view is enabled by default. Therefore, database queries may be performed during view rendering. Explicitly configure spring.jpa.open-in-view to disable this warning
2025-04-18T18:46:01.353+05:30  INFO 25228 --- [           main] o.s.b.a.w.s.WelcomePageHandlerMapping    : Adding welcome page template: index
2025-04-18T18:46:01.731+05:30  INFO 25228 --- [           main] o.s.s.web.DefaultSecurityFilterChain     : Will secure any request with [org.springframework.security.web.session.DisableEncodeUrlFilter@2d5b549b, org.springframework.security.web.context.request.async.WebAsyncManagerIntegrationFilter@542c6165, org.springframework.security.web.context.SecurityContextHolderFilter@1a7f2d34, org.springframework.security.web.header.HeaderWriterFilter@79d8075c, org.springframework.web.filter.CorsFilter@539f2fec, org.springframework.security.web.csrf.CsrfFilter@20a7ce0, org.springframework.security.web.authentication.logout.LogoutFilter@3c4231e5, org.springframework.security.web.authentication.UsernamePasswordAuthenticationFilter@393d4e34, org.springframework.security.web.savedrequest.RequestCacheAwareFilter@770c3ca2, org.springframework.security.web.servletapi.SecurityContextHolderAwareRequestFilter@1267f832, org.springframework.security.web.authentication.AnonymousAuthenticationFilter@a4e1ca7, org.springframework.security.web.access.ExceptionTranslationFilter@7c55e559, org.springframework.security.web.access.intercept.AuthorizationFilter@6d3194ff]
2025-04-18T18:46:02.139+05:30  WARN 25228 --- [           main] o.s.s.c.a.web.builders.WebSecurity       : You are asking Spring Security to ignore Ant [pattern='/resources/**']. This is not recommended -- please use permitAll via HttpSecurity#authorizeHttpRequests instead.
2025-04-18T18:46:02.140+05:30  INFO 25228 --- [           main] o.s.s.web.DefaultSecurityFilterChain     : Will not secure Ant [pattern='/resources/**']
2025-04-18T18:46:02.140+05:30  WARN 25228 --- [           main] o.s.s.c.a.web.builders.WebSecurity       : You are asking Spring Security to ignore Ant [pattern='/templates/**']. This is not recommended -- please use permitAll via HttpSecurity#authorizeHttpRequests instead.
2025-04-18T18:46:02.140+05:30  INFO 25228 --- [           main] o.s.s.web.DefaultSecurityFilterChain     : Will not secure Ant [pattern='/templates/**']
2025-04-18T18:46:02.140+05:30  WARN 25228 --- [           main] o.s.s.c.a.web.builders.WebSecurity       : You are asking Spring Security to ignore Ant [pattern='/static/**']. This is not recommended -- please use permitAll via HttpSecurity#authorizeHttpRequests instead.
2025-04-18T18:46:02.140+05:30  INFO 25228 --- [           main] o.s.s.web.DefaultSecurityFilterChain     : Will not secure Ant [pattern='/static/**']
2025-04-18T18:46:02.141+05:30  WARN 25228 --- [           main] o.s.s.c.a.web.builders.WebSecurity       : You are asking Spring Security to ignore Ant [pattern='/images/**']. This is not recommended -- please use permitAll via HttpSecurity#authorizeHttpRequests instead.
2025-04-18T18:46:02.141+05:30  INFO 25228 --- [           main] o.s.s.web.DefaultSecurityFilterChain     : Will not secure Ant [pattern='/images/**']
2025-04-18T18:46:02.141+05:30  WARN 25228 --- [           main] o.s.s.c.a.web.builders.WebSecurity       : You are asking Spring Security to ignore Ant [pattern='/productImages/**']. This is not recommended -- please use permitAll via HttpSecurity#authorizeHttpRequests instead.
2025-04-18T18:46:02.141+05:30  INFO 25228 --- [           main] o.s.s.web.DefaultSecurityFilterChain     : Will not secure Ant [pattern='/productImages/**']
2025-04-18T18:46:02.141+05:30  WARN 25228 --- [           main] o.s.s.c.a.web.builders.WebSecurity       : You are asking Spring Security to ignore Ant [pattern='/css/**']. This is not recommended -- please use permitAll via HttpSecurity#authorizeHttpRequests instead.
2025-04-18T18:46:02.141+05:30  INFO 25228 --- [           main] o.s.s.web.DefaultSecurityFilterChain     : Will not secure Ant [pattern='/css/**']
2025-04-18T18:46:02.142+05:30  WARN 25228 --- [           main] o.s.s.c.a.web.builders.WebSecurity       : You are asking Spring Security to ignore Ant [pattern='/js/**']. This is not recommended -- please use permitAll via HttpSecurity#authorizeHttpRequests instead.
2025-04-18T18:46:02.142+05:30  INFO 25228 --- [           main] o.s.s.web.DefaultSecurityFilterChain     : Will not secure Ant [pattern='/js/**']
2025-04-18T18:46:02.212+05:30  INFO 25228 --- [           main] c.d.canteen.CanteenApplicationTests      : Started CanteenApplicationTests in 6.247 seconds (process running for 7.737)
]]></system-out>
    <system-err><![CDATA[WARNING: A Java agent has been loaded dynamically (C:\Users\Dhiraj Chaudhary\.m2\repository\net\bytebuddy\byte-buddy-agent\1.14.12\byte-buddy-agent-1.14.12.jar)
WARNING: If a serviceability tool is in use, please run with -XX:+EnableDynamicAgentLoading to hide this warning
WARNING: If a serviceability tool is not in use, please run with -Djdk.instrument.traceUsage for more information
WARNING: Dynamic loading of agents will be disallowed by default in a future release
]]></system-err>
  </testcase>
</testsuite>